[23:12:43.412][INFO][CraftTweaker-EarlyInit]: CraftTweaker is running on a Minecraft 1.20.1 production server modded with platform Forge
[23:12:43.419][INFO][CraftTweaker-EarlyInit]: Successfully injected RecipeFS file system
[23:12:43.452][INFO][CraftTweaker-Plugins]: Successfully identified and loaded plugin farmersdelight:crafttweaker_plugin
[23:12:43.453][INFO][CraftTweaker-Plugins]: Successfully identified and loaded plugin refurbished_furniture:plugin
[23:12:43.465][INFO][CraftTweaker-Plugins]: Successfully identified and loaded plugin crafttweaker:builtin
[23:12:43.466][INFO][CraftTweaker-Plugins]: Successfully identified and loaded plugin crafttweaker:builtin_forge
[23:12:43.467][INFO][CraftTweaker-Plugins]: Successfully identified and loaded plugin createtweaker:main
[23:12:44.517][INFO][CraftTweaker]: The following mods have explicit CraftTweaker support through the default plugin:
[23:12:44.534][INFO][CraftTweaker]: - 'crafttweaker' at version '14.0.44'
[23:12:44.534][INFO][CraftTweaker]: - 'createtweaker' at version '4.0.13'
[23:12:44.534][INFO][CraftTweaker]: - 'farmersdelight' at version '1.20.1-1.2.5'
[23:12:44.534][INFO][CraftTweaker]: - 'refurbished_furniture' at version '1.0.8'
[23:12:50.146][INFO][CraftTweaker-ZenCode]: Started loading scripts for loader 'initialize'
[23:12:50.834][INFO][CraftTweaker-ZenCode]: Compiling and executing scripts
[23:12:50.882][INFO][CraftTweaker-ZenCode]: Successfully initialized modules [crafttweaker, expansions]
[23:12:51.107][INFO][CraftTweaker-ZenCode]: Execution for loader 'initialize' completed successfully
[23:13:15.758][INFO][CraftTweaker-ZenCode]: Started loading scripts for loader 'tags'
[23:13:15.815][INFO][CraftTweaker-ZenCode]: Compiling and executing scripts
[23:13:15.834][INFO][CraftTweaker-ZenCode]: Successfully initialized modules [crafttweaker, expansions]
[23:13:15.846][INFO][CraftTweaker-ZenCode]: Execution for loader 'tags' completed successfully
[23:13:16.789][INFO][CraftTweaker]: crafttweaker.reload.start
[23:13:16.795][INFO][CraftTweaker-ZenCode]: Started loading scripts for loader 'crafttweaker'
[23:13:16.838][INFO][CraftTweaker-ZenCode]: Compiling and executing scripts
[23:13:17.253][INFO][CraftTweaker-ZenCode]: Successfully initialized modules [mods, crafttweaker, expansions]
[23:13:17.266][INFO][CraftTweaker-ZenCode]: Execution for loader 'crafttweaker' completed successfully
[23:13:17.268][INFO][CraftTweaker]: crafttweaker.reload.complete
